C51 COMPILER V9.52.0.0   MAINXK                                                            08/28/2023 13:32:29 PAGE 1   


C51 COMPILER V9.52.0.0, COMPILATION OF MODULE MAINXK
OBJECT MODULE PLACED IN mainxk.OBJ
COMPILER INVOKED BY: C:\Keil\C51\BIN\C51.EXE mainxk.c BROWSE DEBUG OBJECTEXTEND TABS(2)

line level    source

   1          #include"main.h"
*** WARNING C318 IN LINE 1 OF mainxk.c: can't open file 'main.h'
   2          #include<regx52.h>
   3          #include"..\Lib\delay.h"
   4          
   5          #define LED_PORT P2
   6          
   7          void main(){
   8   1           LED_PORT = 0x55;
   9   1           while(1){
  10   2                 LED_PORT = ~LED_PORT;
  11   2                 Delay_ms(500);
  12   2           }
  13   1      }


MODULE INFORMATION:   STATIC OVERLAYABLE
   CODE SIZE        =     15    ----
   CONSTANT SIZE    =   ----    ----
   XDATA SIZE       =   ----    ----
   PDATA SIZE       =   ----    ----
   DATA SIZE        =   ----    ----
   IDATA SIZE       =   ----    ----
   BIT SIZE         =   ----    ----
END OF MODULE INFORMATION.


C51 COMPILATION COMPLETE.  1 WARNING(S),  0 ERROR(S)
